<?xml version="1.0" encoding="UTF-8"?>
<!-- Generated by org.testng.reporters.JUnitReportReporter -->
<testsuite hostname="LAPTOP-H6MFK2QP" name="LoginTest" tests="1" failures="0" timestamp="29 Nov 2022 06:02:54 GMT" time="0.015" errors="0">
  <testcase name="test01" time="0.015" classname="LoginTest"/>
</testsuite> <!-- LoginTest -->
